 INSERT INTO "room_model_static_items" ("name", "position_x", "position_y", "position_z", "rotation", "is_seat", "model_id") VALUES ('crl_lamp', 48, 0, 0, 0, 0, 22) 
 INSERT INTO "room_model_static_items" ("name", "position_x", "position_y", "position_z", "rotation", "is_seat", "model_id") VALUES ('crl_sofa2c', 49, 0, 0, 36, 0, 22) 
 INSERT INTO "room_model_static_items" ("name", "position_x", "position_y", "position_z", "rotation", "is_seat", "model_id") VALUES ('crl_sofa2b', 50, 0, 0, 36, 0, 22) 
 INSERT INTO "room_model_static_items" ("name", "position_x", "position_y", "position_z", "rotation", "is_seat", "model_id") VALUES ('crl_sofa2a', 51, 0, 0, 36, 0, 22) 
 INSERT INTO "room_model_static_items" ("name", "position_x", "position_y", "position_z", "rotation", "is_seat", "model_id") VALUES ('crl_lamp', 52, 0, 0, 0, 0, 22) 
 INSERT INTO "room_model_static_items" ("name", "position_x", "position_y", "position_z", "rotation", "is_seat", "model_id") VALUES ('crl_chair', 52, 1, 0, 2, 0, 22) 
 INSERT INTO "room_model_static_items" ("name", "position_x", "position_y", "position_z", "rotation", "is_seat", "model_id") VALUES ('crl_lamp', 47, 2, 0, 0, 0, 22) 
 INSERT INTO "room_model_static_items" ("name", "position_x", "position_y", "position_z", "rotation", "is_seat", "model_id") VALUES ('crl_lamp', 43, 2, 0, 0, 0, 22) 
 INSERT INTO "room_model_static_items" ("name", "position_x", "position_y", "position_z", "rotation", "is_seat", "model_id") VALUES ('crl_chair', 56, 2, 0, 2, 0, 22) 
 INSERT INTO "room_model_static_items" ("name", "position_x", "position_y", "position_z", "rotation", "is_seat", "model_id") VALUES ('crl_pillar', 45, 3, 0, 0, 0, 22) 
 INSERT INTO "room_model_static_items" ("name", "position_x", "position_y", "position_z", "rotation", "is_seat", "model_id") VALUES ('crl_chair', 47, 3, 0, 2, 0, 22) 
 INSERT INTO "room_model_static_items" ("name", "position_x", "position_y", "position_z", "rotation", "is_seat", "model_id") VALUES ('crl_table1b', 45, 3, 0, 0, 0, 22) 
 INSERT INTO "room_model_static_items" ("name", "position_x", "position_y", "position_z", "rotation", "is_seat", "model_id") VALUES ('crl_sofa1c', 47, 3, 0, 38, 0, 22) 
 INSERT INTO "room_model_static_items" ("name", "position_x", "position_y", "position_z", "rotation", "is_seat", "model_id") VALUES ('crl_chair', 60, 3, 0, 2, 0, 22) 
 INSERT INTO "room_model_static_items" ("name", "position_x", "position_y", "position_z", "rotation", "is_seat", "model_id") VALUES ('crl_table2b', 63, 3, 0, 0, 0, 22) 
 INSERT INTO "room_model_static_items" ("name", "position_x", "position_y", "position_z", "rotation", "is_seat", "model_id") VALUES ('crl_table2a', 60, 3, 0, 0, 0, 22) 
 INSERT INTO "room_model_static_items" ("name", "position_x", "position_y", "position_z", "rotation", "is_seat", "model_id") VALUES ('crl_lamp', 0, 36, 0, 0, 0, 22) 
 INSERT INTO "room_model_static_items" ("name", "position_x", "position_y", "position_z", "rotation", "is_seat", "model_id") VALUES ('crl_sofa2c', 1, 36, 0, 36, 0, 22) 
 INSERT INTO "room_model_static_items" ("name", "position_x", "position_y", "position_z", "rotation", "is_seat", "model_id") VALUES ('crl_sofa2b', 2, 36, 0, 36, 0, 22) 
 INSERT INTO "room_model_static_items" ("name", "position_x", "position_y", "position_z", "rotation", "is_seat", "model_id") VALUES ('crl_sofa2a', 3, 36, 0, 36, 0, 22) 
 INSERT INTO "room_model_static_items" ("name", "position_x", "position_y", "position_z", "rotation", "is_seat", "model_id") VALUES ('crl_lamp', 68, 36, 0, 0, 0, 22) 
 INSERT INTO "room_model_static_items" ("name", "position_x", "position_y", "position_z", "rotation", "is_seat", "model_id") VALUES ('crl_table1a', 73, 36, 0, 0, 0, 22) 
 INSERT INTO "room_model_static_items" ("name", "position_x", "position_y", "position_z", "rotation", "is_seat", "model_id") VALUES ('crl_sofa1b', 75, 36, 0, 38, 0, 22) 
 INSERT INTO "room_model_static_items" ("name", "position_x", "position_y", "position_z", "rotation", "is_seat", "model_id") VALUES ('crl_wall2a', 79, 36, 0, 0, 0, 22) 
 INSERT INTO "room_model_static_items" ("name", "position_x", "position_y", "position_z", "rotation", "is_seat", "model_id") VALUES ('crl_lamp', 80, 36, 0, 0, 0, 22) 
 INSERT INTO "room_model_static_items" ("name", "position_x", "position_y", "position_z", "rotation", "is_seat", "model_id") VALUES ('crl_chair', 0, 37, 0, 2, 0, 22) 
 INSERT INTO "room_model_static_items" ("name", "position_x", "position_y", "position_z", "rotation", "is_seat", "model_id") VALUES ('crl_chair', 71, 37, 0, 2, 0, 22) 
 INSERT INTO "room_model_static_items" ("name", "position_x", "position_y", "position_z", "rotation", "is_seat", "model_id") VALUES ('crl_sofa1a', 79, 37, 0, 38, 0, 22) 
 INSERT INTO "room_model_static_items" ("name", "position_x", "position_y", "position_z", "rotation", "is_seat", "model_id") VALUES ('crl_table2b', 2, 38, 0, 0, 0, 22) 
 INSERT INTO "room_model_static_items" ("name", "position_x", "position_y", "position_z", "rotation", "is_seat", "model_id") VALUES ('crl_table2a', 3, 38, 0, 0, 0, 22) 
 INSERT INTO "room_model_static_items" ("name", "position_x", "position_y", "position_z", "rotation", "is_seat", "model_id") VALUES ('crl_lamp', 75, 38, 0, 0, 0, 22) 
 INSERT INTO "room_model_static_items" ("name", "position_x", "position_y", "position_z", "rotation", "is_seat", "model_id") VALUES ('crl_chair', 0, 39, 0, 2, 0, 22) 
 INSERT INTO "room_model_static_items" ("name", "position_x", "position_y", "position_z", "rotation", "is_seat", "model_id") VALUES ('crl_lamp', 0, 40, 0, 0, 0, 22) 
 INSERT INTO "room_model_static_items" ("name", "position_x", "position_y", "position_z", "rotation", "is_seat", "model_id") VALUES ('crl_sofa3c', 1, 40, 0, 0, 0, 22) 
 INSERT INTO "room_model_static_items" ("name", "position_x", "position_y", "position_z", "rotation", "is_seat", "model_id") VALUES ('crl_sofa3b', 2, 40, 0, 0, 0, 22) 
 INSERT INTO "room_model_static_items" ("name", "position_x", "position_y", "position_z", "rotation", "is_seat", "model_id") VALUES ('crl_sofa3a', 3, 40, 0, 0, 0, 22) 
 INSERT INTO "room_model_static_items" ("name", "position_x", "position_y", "position_z", "rotation", "is_seat", "model_id") VALUES ('crl_lamp', 68, 40, 0, 0, 0, 22) 
 INSERT INTO "room_model_static_items" ("name", "position_x", "position_y", "position_z", "rotation", "is_seat", "model_id") VALUES ('crl_barchair2', 83, 40, 0, 0, 0, 22) 
 INSERT INTO "room_model_static_items" ("name", "position_x", "position_y", "position_z", "rotation", "is_seat", "model_id") VALUES ('crl_tablebar', 84, 40, 0, 0, 0, 22) 
 INSERT INTO "room_model_static_items" ("name", "position_x", "position_y", "position_z", "rotation", "is_seat", "model_id") VALUES ('crl_barchair2', 85, 40, 0, 0, 0, 22) 
 INSERT INTO "room_model_static_items" ("name", "position_x", "position_y", "position_z", "rotation", "is_seat", "model_id") VALUES ('crl_pillar2', 69, 41, 0, 0, 0, 22) 
 INSERT INTO "room_model_static_items" ("name", "position_x", "position_y", "position_z", "rotation", "is_seat", "model_id") VALUES ('crl_pillar', 77, 41, 0, 0, 0, 22) 
 INSERT INTO "room_model_static_items" ("name", "position_x", "position_y", "position_z", "rotation", "is_seat", "model_id") VALUES ('crl_desk1a', 76, 47, 0, 0, 0, 22) 
 INSERT INTO "room_model_static_items" ("name", "position_x", "position_y", "position_z", "rotation", "is_seat", "model_id") VALUES ('crl_deski', 77, 47, 0, 0, 0, 22) 
 INSERT INTO "room_model_static_items" ("name", "position_x", "position_y", "position_z", "rotation", "is_seat", "model_id") VALUES ('crl_deskh', 78, 47, 0, 0, 0, 22) 
 INSERT INTO "room_model_static_items" ("name", "position_x", "position_y", "position_z", "rotation", "is_seat", "model_id") VALUES ('crl_deskg', 74, 48, 0, 0, 0, 22) 
 INSERT INTO "room_model_static_items" ("name", "position_x", "position_y", "position_z", "rotation", "is_seat", "model_id") VALUES ('crl_deskf', 78, 49, 0, 0, 0, 22) 
 INSERT INTO "room_model_static_items" ("name", "position_x", "position_y", "position_z", "rotation", "is_seat", "model_id") VALUES ('crl_deske', 74, 50, 0, 0, 0, 22) 
 INSERT INTO "room_model_static_items" ("name", "position_x", "position_y", "position_z", "rotation", "is_seat", "model_id") VALUES ('crl_deske', 78, 51, 0, 0, 0, 22) 
 INSERT INTO "room_model_static_items" ("name", "position_x", "position_y", "position_z", "rotation", "is_seat", "model_id") VALUES ('crl_deske', 74, 52, 0, 0, 0, 22) 
 INSERT INTO "room_model_static_items" ("name", "position_x", "position_y", "position_z", "rotation", "is_seat", "model_id") VALUES ('crl_deske', 78, 53, 0, 0, 0, 22) 
 INSERT INTO "room_model_static_items" ("name", "position_x", "position_y", "position_z", "rotation", "is_seat", "model_id") VALUES ('crl_deske', 74, 54, 0, 0, 0, 22) 
 INSERT INTO "room_model_static_items" ("name", "position_x", "position_y", "position_z", "rotation", "is_seat", "model_id") VALUES ('crl_deske', 78, 55, 0, 0, 0, 22) 
 INSERT INTO "room_model_static_items" ("name", "position_x", "position_y", "position_z", "rotation", "is_seat", "model_id") VALUES ('crl_wallb', 71, 56, 0, 0, 0, 22) 
 INSERT INTO "room_model_static_items" ("name", "position_x", "position_y", "position_z", "rotation", "is_seat", "model_id") VALUES ('crl_deske', 74, 56, 0, 0, 0, 22) 
 INSERT INTO "room_model_static_items" ("name", "position_x", "position_y", "position_z", "rotation", "is_seat", "model_id") VALUES ('crl_walla', 71, 57, 0, 0, 0, 22) 
 INSERT INTO "room_model_static_items" ("name", "position_x", "position_y", "position_z", "rotation", "is_seat", "model_id") VALUES ('crl_desk1b', 76, 57, 0, 0, 0, 22) 
 INSERT INTO "room_model_static_items" ("name", "position_x", "position_y", "position_z", "rotation", "is_seat", "model_id") VALUES ('crl_desk1c', 77, 57, 0, 0, 0, 22) 
 INSERT INTO "room_model_static_items" ("name", "position_x", "position_y", "position_z", "rotation", "is_seat", "model_id") VALUES ('crl_desk1d', 78, 57, 0, 0, 0, 22) 
 INSERT INTO "room_model_static_items" ("name", "position_x", "position_y", "position_z", "rotation", "is_seat", "model_id") VALUES ('crl_lamp2', 76, 59, 0, 0, 0, 22) 
 INSERT INTO "room_model_static_items" ("name", "position_x", "position_y", "position_z", "rotation", "is_seat", "model_id") VALUES ('crl_cabinet2', 77, 59, 0, 0, 0, 22) 
 INSERT INTO "room_model_static_items" ("name", "position_x", "position_y", "position_z", "rotation", "is_seat", "model_id") VALUES ('crl_cabinet1', 78, 59, 0, 0, 0, 22) 
 INSERT INTO "room_model_static_items" ("name", "position_x", "position_y", "position_z", "rotation", "is_seat", "model_id") VALUES ('crl_lamp2', 79, 59, 0, 0, 0, 22) 
